* using log directory '/home/vobencha/work/peter/labkey/Rlabkey.Rcheck'
* using R version 2.7.2 (2008-08-25)
* using session charset: UTF-8
* checking for file 'Rlabkey/DESCRIPTION' ... OK
* this is package 'Rlabkey' version '0.0.1'
* checking package name space information ... OK
* checking package dependencies ... OK
* checking if this is a source package ... OK
* checking whether package 'Rlabkey' can be installed ... OK
* checking package directory ... OK
* checking for portable file names ... OK
* checking for sufficient/correct file permissions ... OK
* checking DESCRIPTION meta-information ... OK
* checking top-level files ... OK
* checking index information ... OK
* checking package subdirectories ... OK
* checking whether the package can be loaded ... ERROR
Loading required package: RCurl
Error: package 'RCurl' was built for x86_64-unknown-linux-gnu
Execution halted

It looks like this package has a loading problem: see the messages for
details.
